<?xml version="1.0" encoding="UTF-8"?>
<!-- Generated by org.testng.reporters.JUnitReportReporter -->
<testsuite hostname="ASC-6HD0QF2" name="moFramework.CsHome" tests="1" failures="0" timestamp="9 Aug 2018 06:48:23 GMT" time="22.151" errors="0">
  <testcase name="CsWww" time="22.151" classname="moFramework.CsHome"/>
</testsuite> <!-- moFramework.CsHome -->
